[29/06/2025-20:03:05] [INFO] Servidor rodando na porta 25565
[29/06/2025-20:03:06] [INFO] Conexão com banco de dados.
[29/06/2025-20:03:06] [INFO] MongoDB conectado com sucesso.
[29/06/2025-20:03:12] [INFO] Login realizado pelo usuário: Matheus
[29/06/2025-20:03:18] [INFO] Mensagem enviada no chat 682936127a8bfabb2af876a5 por 682900bdfd5c3fe06b3db06c
[29/06/2025-20:03:22] [INFO] Mensagem enviada no chat 682936127a8bfabb2af876a5 por 682900bdfd5c3fe06b3db06c
[29/06/2025-20:07:03] [INFO] Servidor rodando na porta 25565
[29/06/2025-20:07:03] [INFO] Conexão com banco de dados.
[29/06/2025-20:07:03] [INFO] MongoDB conectado com sucesso.
[29/06/2025-20:07:12] [INFO] Login realizado pelo usuário: Matheus
[29/06/2025-20:10:03] [INFO] Servidor rodando na porta 25565
[29/06/2025-20:10:03] [INFO] Conexão com banco de dados.
[29/06/2025-20:10:03] [INFO] MongoDB conectado com sucesso.
[29/06/2025-20:10:09] [INFO] Login realizado pelo usuário: Matheus
[29/06/2025-20:10:16] [INFO] Mensagem enviada no chat 682936127a8bfabb2af876a5 por 682900bdfd5c3fe06b3db06c
[29/06/2025-20:10:50] [INFO] Servidor rodando na porta 25565
[29/06/2025-20:10:50] [INFO] Conexão com banco de dados.
[29/06/2025-20:10:50] [INFO] MongoDB conectado com sucesso.
[29/06/2025-20:10:56] [INFO] Login realizado pelo usuário: Matheus
[29/06/2025-20:15:06] [INFO] Servidor rodando na porta 25565
[29/06/2025-20:15:06] [INFO] Conexão com banco de dados.
[29/06/2025-20:15:06] [INFO] MongoDB conectado com sucesso.
[29/06/2025-20:15:16] [INFO] Login realizado pelo usuário: Matheus
[29/06/2025-20:18:55] [INFO] Servidor rodando na porta 25565
[29/06/2025-20:18:55] [INFO] Conexão com banco de dados.
[29/06/2025-20:18:55] [INFO] MongoDB conectado com sucesso.
[29/06/2025-20:19:02] [INFO] Login realizado pelo usuário: Matheus
[29/06/2025-20:19:07] [INFO] Mensagem enviada no chat 682936127a8bfabb2af876a5 por 682900bdfd5c3fe06b3db06c
[29/06/2025-20:23:23] [INFO] Servidor rodando na porta 25565
[29/06/2025-20:23:23] [INFO] Conexão com banco de dados.
[29/06/2025-20:23:23] [INFO] MongoDB conectado com sucesso.
[29/06/2025-20:23:29] [INFO] Login realizado pelo usuário: Matheus
[29/06/2025-20:23:38] [INFO] Mensagem enviada no chat 682936127a8bfabb2af876a5 por 682900bdfd5c3fe06b3db06c
[29/06/2025-20:24:15] [INFO] Contato jpms@alunos.utfpr.edu.br adicionado por mvm@alunos.utfpr.edu.br
[29/06/2025-20:24:18] [INFO] Chat criado entre 682900bdfd5c3fe06b3db06c e 6829017202f7a2f9a58a86fd
[29/06/2025-20:24:22] [INFO] Mensagem enviada no chat 6861cb223155033c911cea03 por 682900bdfd5c3fe06b3db06c
[29/06/2025-20:24:34] [INFO] Servidor rodando na porta 25565
[29/06/2025-20:24:35] [INFO] Conexão com banco de dados.
[29/06/2025-20:24:35] [INFO] MongoDB conectado com sucesso.
[29/06/2025-20:24:51] [INFO] Login realizado pelo usuário: Tom
[29/06/2025-20:24:58] [INFO] Mensagem enviada no chat 682936127a8bfabb2af876a5 por 6828fd3ae1a6b5354f92b69d
[29/06/2025-20:25:16] [INFO] Mensagem enviada no chat 682936127a8bfabb2af876a5 por 6828fd3ae1a6b5354f92b69d
[29/06/2025-20:25:23] [INFO] Servidor rodando na porta 25565
[29/06/2025-20:25:23] [INFO] Conexão com banco de dados.
[29/06/2025-20:25:24] [INFO] MongoDB conectado com sucesso.
[29/06/2025-20:25:31] [INFO] Login realizado pelo usuário: Matheus
[29/06/2025-20:25:38] [INFO] Mensagem enviada no chat 682936127a8bfabb2af876a5 por 682900bdfd5c3fe06b3db06c
[29/06/2025-20:41:40] [INFO] Servidor rodando na porta 25565
[29/06/2025-20:41:40] [INFO] Conexão com banco de dados.
[29/06/2025-20:41:40] [INFO] MongoDB conectado com sucesso.
[29/06/2025-20:41:48] [INFO] Login realizado pelo usuário: Matheus
[29/06/2025-21:11:17] [INFO] Servidor rodando na porta 25565
[29/06/2025-21:11:17] [INFO] Conexão com banco de dados.
[29/06/2025-21:11:17] [INFO] MongoDB conectado com sucesso.
[29/06/2025-21:11:24] [INFO] Login realizado pelo usuário: Matheus
[29/06/2025-21:16:25] [INFO] Servidor rodando na porta 25565
[29/06/2025-21:16:25] [INFO] Conexão com banco de dados.
[29/06/2025-21:16:25] [INFO] MongoDB conectado com sucesso.
[29/06/2025-21:16:32] [INFO] Login realizado pelo usuário: Matheus
[29/06/2025-21:16:45] [INFO] Servidor rodando na porta 25565
[29/06/2025-21:16:46] [INFO] Conexão com banco de dados.
[29/06/2025-21:16:46] [INFO] MongoDB conectado com sucesso.
[29/06/2025-21:16:52] [INFO] Login realizado pelo usuário: Matheus
[29/06/2025-21:17:19] [INFO] Servidor rodando na porta 25565
[29/06/2025-21:17:19] [INFO] Conexão com banco de dados.
[29/06/2025-21:17:19] [INFO] MongoDB conectado com sucesso.
[29/06/2025-21:17:26] [INFO] Login realizado pelo usuário: Matheus
[29/06/2025-21:18:12] [INFO] Servidor rodando na porta 25565
[29/06/2025-21:18:13] [INFO] Conexão com banco de dados.
[29/06/2025-21:18:13] [INFO] MongoDB conectado com sucesso.
[29/06/2025-21:18:18] [INFO] Login realizado pelo usuário: Matheus
[29/06/2025-21:20:43] [INFO] Servidor rodando na porta 25565
[29/06/2025-21:20:43] [INFO] Conexão com banco de dados.
[29/06/2025-21:20:43] [INFO] MongoDB conectado com sucesso.
[29/06/2025-21:20:48] [INFO] Login realizado pelo usuário: Matheus
[29/06/2025-21:20:53] [ERROR] Contato não está na sua lista.
[29/06/2025-21:21:26] [INFO] Servidor rodando na porta 25565
[29/06/2025-21:21:26] [INFO] Conexão com banco de dados.
[29/06/2025-21:21:26] [INFO] MongoDB conectado com sucesso.
[29/06/2025-21:21:31] [INFO] Login realizado pelo usuário: Matheus
[29/06/2025-21:21:34] [ERROR] Contato não está na sua lista.
[29/06/2025-21:25:37] [INFO] Servidor rodando na porta 25565
[29/06/2025-21:25:38] [INFO] Conexão com banco de dados.
[29/06/2025-21:25:38] [INFO] MongoDB conectado com sucesso.
[29/06/2025-21:25:47] [INFO] Login realizado pelo usuário: Matheus
[29/06/2025-21:27:21] [INFO] Servidor rodando na porta 25565
[29/06/2025-21:27:22] [INFO] Conexão com banco de dados.
[29/06/2025-21:27:22] [INFO] MongoDB conectado com sucesso.
[29/06/2025-21:27:27] [INFO] Login realizado pelo usuário: Matheus
[29/06/2025-21:27:39] [INFO] Contato jpms@alunos.utfpr.edu.br adicionado por mvm@alunos.utfpr.edu.br
[29/06/2025-21:27:44] [INFO] Chat 6861cb223155033c911cea03 e todas as mensagens foram deletados.
[29/06/2025-21:27:44] [INFO] Chat e mensagens entre 682900bdfd5c3fe06b3db06c e 6829017202f7a2f9a58a86fd foram removidos.
[29/06/2025-21:27:44] [INFO] Contato 6829017202f7a2f9a58a86fd removido por mvm@alunos.utfpr.edu.br
[29/06/2025-21:28:07] [INFO] Contato jpms@alunos.utfpr.edu.br adicionado por mvm@alunos.utfpr.edu.br
[29/06/2025-21:28:08] [INFO] Chat criado entre 682900bdfd5c3fe06b3db06c e 6829017202f7a2f9a58a86fd
[29/06/2025-21:28:11] [INFO] Mensagem enviada no chat 6861da18ae89a995ac3a4543 por 682900bdfd5c3fe06b3db06c
[29/06/2025-21:29:51] [INFO] Servidor rodando na porta 25565
[29/06/2025-21:29:51] [INFO] Conexão com banco de dados.
[29/06/2025-21:29:51] [INFO] MongoDB conectado com sucesso.
[29/06/2025-21:39:12] [INFO] Usuário criado: Tomas
[29/06/2025-21:40:52] [INFO] Usuário criado: Tomas
[29/06/2025-21:41:03] [INFO] Servidor rodando na porta 25565
[29/06/2025-21:41:03] [INFO] Conexão com banco de dados.
[29/06/2025-21:41:03] [INFO] MongoDB conectado com sucesso.
[29/06/2025-21:42:13] [INFO] Usuário criado: Tomas2
[29/06/2025-21:43:03] [INFO] Contato tom@alunos.utfpr.edu.br adicionado por tom2@gmail.com
[29/06/2025-21:43:04] [INFO] Chat criado entre 6861dd65c36afa203a52e7c6 e 6828fd3ae1a6b5354f92b69d
[29/06/2025-21:43:06] [INFO] Mensagem enviada no chat 6861dd98c36afa203a52e7c7 por 6861dd65c36afa203a52e7c6
[29/06/2025-21:45:32] [INFO] Servidor rodando na porta 25565
[29/06/2025-21:45:32] [INFO] Conexão com banco de dados.
[29/06/2025-21:45:32] [INFO] MongoDB conectado com sucesso.
[29/06/2025-21:45:43] [INFO] Login realizado pelo usuário: Matheus
[29/06/2025-21:47:51] [INFO] Login realizado pelo usuário: Matheus
[29/06/2025-21:48:00] [INFO] Login realizado pelo usuário: Matheus
[29/06/2025-21:48:43] [INFO] Usuário criado: tomas3
[29/06/2025-21:48:48] [INFO] Contato tom@alunos.utfpr.edu.br adicionado por tom3@gmail.com
[29/06/2025-21:48:50] [INFO] Chat criado entre 6861deebf39e643a4da6276d e 6828fd3ae1a6b5354f92b69d
[29/06/2025-21:48:56] [INFO] Mensagem enviada no chat 6861def2f39e643a4da6276e por 6861deebf39e643a4da6276d
[29/06/2025-21:49:13] [INFO] Login realizado pelo usuário: Tom
[29/06/2025-21:51:29] [INFO] Servidor rodando na porta 25565
[29/06/2025-21:51:30] [INFO] Conexão com banco de dados.
[29/06/2025-21:51:30] [INFO] MongoDB conectado com sucesso.
[29/06/2025-21:51:51] [INFO] Login realizado pelo usuário: Tom
[29/06/2025-21:56:37] [INFO] Servidor rodando na porta 25565
[29/06/2025-21:56:38] [INFO] Conexão com banco de dados.
[29/06/2025-21:56:38] [INFO] MongoDB conectado com sucesso.
[29/06/2025-21:56:46] [INFO] Login realizado pelo usuário: Matheus
[29/06/2025-21:56:54] [INFO] Login realizado pelo usuário: Tom
[29/06/2025-21:58:26] [INFO] Servidor rodando na porta 25565
[29/06/2025-21:58:26] [INFO] Conexão com banco de dados.
[29/06/2025-21:58:26] [INFO] MongoDB conectado com sucesso.
[29/06/2025-21:58:33] [INFO] Login realizado pelo usuário: Tom
[29/06/2025-22:00:57] [INFO] Servidor rodando na porta 25565
[29/06/2025-22:00:58] [INFO] Conexão com banco de dados.
[29/06/2025-22:00:58] [INFO] MongoDB conectado com sucesso.
[29/06/2025-22:01:05] [INFO] Login realizado pelo usuário: Tom
[29/06/2025-22:01:14] [ERROR] Contato não está na sua lista.
[29/06/2025-22:05:44] [INFO] Servidor rodando na porta 25565
[29/06/2025-22:05:45] [INFO] Conexão com banco de dados.
[29/06/2025-22:05:45] [INFO] MongoDB conectado com sucesso.
[29/06/2025-22:05:51] [INFO] Login realizado pelo usuário: Tom
[29/06/2025-22:05:54] [INFO] Chat 6861dd98c36afa203a52e7c7 e todas as mensagens foram deletados.
[29/06/2025-22:05:54] [INFO] Chat e mensagens entre 6828fd3ae1a6b5354f92b69d e 6861dd65c36afa203a52e7c6 foram removidos.
[29/06/2025-22:05:54] [INFO] Contato 6861dd65c36afa203a52e7c6 removido por 6828fd3ae1a6b5354f92b69d
[29/06/2025-22:06:01] [INFO] Chat 6861def2f39e643a4da6276e e todas as mensagens foram deletados.
[29/06/2025-22:06:01] [INFO] Chat e mensagens entre 6828fd3ae1a6b5354f92b69d e 6861deebf39e643a4da6276d foram removidos.
[29/06/2025-22:06:01] [INFO] Contato 6861deebf39e643a4da6276d removido por 6828fd3ae1a6b5354f92b69d
[29/06/2025-22:06:31] [INFO] Login realizado pelo usuário: Tomas2
[29/06/2025-22:06:40] [INFO] Login realizado pelo usuário: Tomas2
[29/06/2025-22:06:41] [INFO] Chat criado entre 6861dd65c36afa203a52e7c6 e 6828fd3ae1a6b5354f92b69d
[29/06/2025-22:07:01] [INFO] Chat 6861e321d90587c6dc3a3906 e todas as mensagens foram deletados.
[29/06/2025-22:07:01] [INFO] Chat e mensagens entre 6861dd65c36afa203a52e7c6 e 6828fd3ae1a6b5354f92b69d foram removidos.
[29/06/2025-22:07:01] [INFO] Contato 6828fd3ae1a6b5354f92b69d removido por 6861dd65c36afa203a52e7c6
[29/06/2025-22:07:07] [INFO] Login realizado pelo usuário: tomas3
[29/06/2025-22:07:09] [INFO] Chat criado entre 6861deebf39e643a4da6276d e 6828fd3ae1a6b5354f92b69d
[29/06/2025-22:07:10] [INFO] Chat 6861e33dd90587c6dc3a3907 e todas as mensagens foram deletados.
[29/06/2025-22:07:10] [INFO] Chat e mensagens entre 6861deebf39e643a4da6276d e 6828fd3ae1a6b5354f92b69d foram removidos.
[29/06/2025-22:07:10] [INFO] Contato 6828fd3ae1a6b5354f92b69d removido por 6861deebf39e643a4da6276d
[29/06/2025-22:09:31] [INFO] Servidor rodando na porta 25565
[29/06/2025-22:09:31] [INFO] Conexão com banco de dados.
[29/06/2025-22:09:31] [INFO] MongoDB conectado com sucesso.
[29/06/2025-22:09:41] [INFO] Login realizado pelo usuário: Tomas2
[29/06/2025-22:09:49] [INFO] Contato 6828fd3ae1a6b5354f92b69d adicionado ao usuário 6861dd65c36afa203a52e7c6
[29/06/2025-22:09:51] [INFO] Chat criado entre 6861dd65c36afa203a52e7c6 e 6828fd3ae1a6b5354f92b69d
[29/06/2025-22:09:53] [INFO] Mensagem enviada no chat 6861e3dfccb0530d921fd7a2 por 6861dd65c36afa203a52e7c6
[29/06/2025-22:10:01] [INFO] Login realizado pelo usuário: Tom
[29/06/2025-22:10:05] [INFO] Mensagem enviada no chat 6861e3dfccb0530d921fd7a2 por 6828fd3ae1a6b5354f92b69d
[29/06/2025-22:10:07] [INFO] Contatos removidos no 6828fd3ae1a6b5354f92b69d e 6861dd65c36afa203a52e7c6
[29/06/2025-22:10:08] [INFO] Chat 6861e3dfccb0530d921fd7a2 e todas as mensagens foram deletados.
[29/06/2025-22:10:08] [INFO] Chat e mensagens entre 6828fd3ae1a6b5354f92b69d e 6861dd65c36afa203a52e7c6 foram removidos.
[29/06/2025-22:10:08] [INFO] Contato 6861dd65c36afa203a52e7c6 removido por 6828fd3ae1a6b5354f92b69d
[29/06/2025-22:10:16] [INFO] Login realizado pelo usuário: Tomas2
[29/06/2025-22:14:07] [INFO] Login realizado pelo usuário: Tom
[29/06/2025-22:20:58] [INFO] Servidor rodando na porta 25565
[29/06/2025-22:20:58] [INFO] Conexão com banco de dados.
[29/06/2025-22:20:58] [INFO] MongoDB conectado com sucesso.
[29/06/2025-22:21:05] [INFO] Login realizado pelo usuário: Tom
